0 info it worked if it ends with ok
1 verbose cli [ '/usr/local/bin/node',
1 verbose cli   '/usr/local/bin/npm',
1 verbose cli   'install',
1 verbose cli   '-g',
1 verbose cli   'npm@5.0.4' ]
2 info using npm@5.0.4
3 info using node@v7.6.0
4 verbose npm-session 39ab9be4384d79c5
5 silly install loadCurrentTree
6 silly install readGlobalPackageData
7 http fetch GET 304 https://registry.npmjs.org/npm 150ms (from cache)
8 silly pacote version manifest for npm@5.0.4 fetched in 227ms
9 silly install loadIdealTree
10 silly install cloneCurrentTreeToIdealTree
11 silly install loadShrinkwrap
12 silly install loadAllDepsIntoIdealTree
13 silly resolveWithNewModule npm@5.0.4 checking installable status
14 silly pacote trying https://registry.npmjs.org/npm/-/npm-5.0.4.tgz by hash: sha512-XHgyGq7zj5PyQgUeslQRhT3tmWoiwO8X7/LjD/okW8CAQSx95GiMiVjecu62u3kge8EZfgqB/+5dHteubf+8UA==
15 silly pacote https://registry.npmjs.org/npm/-/npm-5.0.4.tgz extracted to /tmp/npm-21045-0feead07/unpack-4b093641 by content address 2197ms
16 silly addBundled read tarball
17 silly cleanup remove extracted module
18 silly currentTree lib
18 silly currentTree └─┬ npm@5.0.4
18 silly currentTree   ├── abbrev@1.1.0
18 silly currentTree   ├── ansi-regex@2.1.1
18 silly currentTree   ├── ansicolors@0.3.2
18 silly currentTree   ├── ansistyles@0.1.3
18 silly currentTree   ├── aproba@1.1.2
18 silly currentTree   ├── archy@1.0.0
18 silly currentTree   ├── bluebird@3.5.0
18 silly currentTree   ├─┬ cacache@9.2.8
18 silly currentTree   │ └── y18n@3.2.1
18 silly currentTree   ├── call-limit@1.1.0
18 silly currentTree   ├── chownr@1.0.1
18 silly currentTree   ├── cmd-shim@2.0.2
18 silly currentTree   ├─┬ columnify@1.5.4
18 silly currentTree   │ └─┬ wcwidth@1.0.1
18 silly currentTree   │   └─┬ defaults@1.0.3
18 silly currentTree   │     └── clone@1.0.2
18 silly currentTree   ├─┬ config-chain@1.1.11
18 silly currentTree   │ └── proto-list@1.2.4
18 silly currentTree   ├── debuglog@1.0.1
18 silly currentTree   ├── detect-indent@5.0.0
18 silly currentTree   ├─┬ dezalgo@1.0.3
18 silly currentTree   │ └── asap@2.0.5
18 silly currentTree   ├── editor@1.0.0
18 silly currentTree   ├── fs-vacuum@1.2.10
18 silly currentTree   ├── fs-write-stream-atomic@1.0.10
18 silly currentTree   ├─┬ fstream-npm@1.2.1
18 silly currentTree   │ └─┬ fstream-ignore@1.0.5
18 silly currentTree   │   └─┬ minimatch@3.0.4
18 silly currentTree   │     └─┬ brace-expansion@1.1.7
18 silly currentTree   │       ├── balanced-match@0.4.2
18 silly currentTree   │       └── concat-map@0.0.1
18 silly currentTree   ├── fstream@1.0.11
18 silly currentTree   ├─┬ glob@7.1.2
18 silly currentTree   │ ├── fs.realpath@1.0.0
18 silly currentTree   │ ├─┬ minimatch@3.0.4
18 silly currentTree   │ │ └─┬ brace-expansion@1.1.7
18 silly currentTree   │ │   ├── balanced-match@0.4.2
18 silly currentTree   │ │   └── concat-map@0.0.1
18 silly currentTree   │ └── path-is-absolute@1.0.1
18 silly currentTree   ├── graceful-fs@4.1.11
18 silly currentTree   ├── has-unicode@2.0.1
18 silly currentTree   ├── hosted-git-info@2.4.2
18 silly currentTree   ├── iferr@0.1.5
18 silly currentTree   ├── imurmurhash@0.1.4
18 silly currentTree   ├── inflight@1.0.6
18 silly currentTree   ├── inherits@2.0.3
18 silly currentTree   ├── ini@1.3.4
18 silly currentTree   ├─┬ init-package-json@1.10.1
18 silly currentTree   │ └── promzard@0.3.0
18 silly currentTree   ├─┬ JSONStream@1.3.1
18 silly currentTree   │ ├── jsonparse@1.3.0
18 silly currentTree   │ └── through@2.3.8
18 silly currentTree   ├── lazy-property@1.0.0
18 silly currentTree   ├── lockfile@1.0.3
18 silly currentTree   ├── lodash._baseindexof@3.1.0
18 silly currentTree   ├─┬ lodash._baseuniq@4.6.0
18 silly currentTree   │ ├── lodash._createset@4.0.3
18 silly currentTree   │ └── lodash._root@3.0.1
18 silly currentTree   ├── lodash._bindcallback@3.0.1
18 silly currentTree   ├── lodash._cacheindexof@3.0.2
18 silly currentTree   ├── lodash._createcache@3.1.2
18 silly currentTree   ├── lodash._getnative@3.9.1
18 silly currentTree   ├── lodash.clonedeep@4.5.0
18 silly currentTree   ├── lodash.restparam@3.6.1
18 silly currentTree   ├── lodash.union@4.6.0
18 silly currentTree   ├── lodash.uniq@4.5.0
18 silly currentTree   ├── lodash.without@4.4.0
18 silly currentTree   ├─┬ lru-cache@4.0.2
18 silly currentTree   │ ├── pseudomap@1.0.2
18 silly currentTree   │ └── yallist@2.1.2
18 silly currentTree   ├─┬ mississippi@1.3.0
18 silly currentTree   │ ├─┬ concat-stream@1.6.0
18 silly currentTree   │ │ └── typedarray@0.0.6
18 silly currentTree   │ ├─┬ duplexify@3.5.0
18 silly currentTree   │ │ ├─┬ end-of-stream@1.0.0
18 silly currentTree   │ │ │ └── once@1.3.3
18 silly currentTree   │ │ └── stream-shift@1.0.0
18 silly currentTree   │ ├── end-of-stream@1.4.0
18 silly currentTree   │ ├── flush-write-stream@1.0.2
18 silly currentTree   │ ├── from2@2.3.0
18 silly currentTree   │ ├─┬ parallel-transform@1.1.0
18 silly currentTree   │ │ └── cyclist@0.2.2
18 silly currentTree   │ ├── pump@1.0.2
18 silly currentTree   │ ├── pumpify@1.3.5
18 silly currentTree   │ ├─┬ stream-each@1.2.0
18 silly currentTree   │ │ └── stream-shift@1.0.0
18 silly currentTree   │ └─┬ through2@2.0.3
18 silly currentTree   │   └── xtend@4.0.1
18 silly currentTree   ├─┬ mkdirp@0.5.1
18 silly currentTree   │ └── minimist@0.0.8
18 silly currentTree   ├─┬ move-concurrently@1.0.1
18 silly currentTree   │ ├── copy-concurrently@1.0.3
18 silly currentTree   │ └── run-queue@1.0.3
18 silly currentTree   ├─┬ node-gyp@3.6.2
18 silly currentTree   │ ├─┬ minimatch@3.0.4
18 silly currentTree   │ │ └─┬ brace-expansion@1.1.7
18 silly currentTree   │ │   ├── balanced-match@0.4.2
18 silly currentTree   │ │   └── concat-map@0.0.1
18 silly currentTree   │ └── nopt@3.0.6
18 silly currentTree   ├── nopt@4.0.1
18 silly currentTree   ├─┬ normalize-package-data@2.3.8
18 silly currentTree   │ └─┬ is-builtin-module@1.0.0
18 silly currentTree   │   └── builtin-modules@1.1.1
18 silly currentTree   ├── npm-cache-filename@1.0.2
18 silly currentTree   ├── npm-install-checks@3.0.0
18 silly currentTree   ├── npm-package-arg@5.1.2
18 silly currentTree   ├─┬ npm-registry-client@8.3.0
18 silly currentTree   │ └─┬ concat-stream@1.6.0
18 silly currentTree   │   └── typedarray@0.0.6
18 silly currentTree   ├── npm-user-validate@1.0.0
18 silly currentTree   ├─┬ npmlog@4.1.0
18 silly currentTree   │ ├─┬ are-we-there-yet@1.1.4
18 silly currentTree   │ │ └── delegates@1.0.0
18 silly currentTree   │ ├── console-control-strings@1.1.0
18 silly currentTree   │ ├─┬ gauge@2.7.4
18 silly currentTree   │ │ ├── object-assign@4.1.1
18 silly currentTree   │ │ ├── signal-exit@3.0.2
18 silly currentTree   │ │ ├─┬ string-width@1.0.2
18 silly currentTree   │ │ │ ├── code-point-at@1.1.0
18 silly currentTree   │ │ │ └─┬ is-fullwidth-code-point@1.0.0
18 silly currentTree   │ │ │   └── number-is-nan@1.0.1
18 silly currentTree   │ │ └── wide-align@1.1.0
18 silly currentTree   │ └── set-blocking@2.0.0
18 silly currentTree   ├── once@1.4.0
18 silly currentTree   ├── opener@1.4.3
18 silly currentTree   ├─┬ osenv@0.1.4
18 silly currentTree   │ ├── os-homedir@1.0.2
18 silly currentTree   │ └── os-tmpdir@1.0.2
18 silly currentTree   ├─┬ pacote@2.7.34
18 silly currentTree   │ ├─┬ make-fetch-happen@2.4.12
18 silly currentTree   │ │ ├─┬ agentkeepalive@3.1.0
18 silly currentTree   │ │ │ └─┬ humanize-ms@1.2.1
18 silly currentTree   │ │ │   └── ms@2.0.0
18 silly currentTree   │ │ ├── http-cache-semantics@3.7.3
18 silly currentTree   │ │ ├─┬ http-proxy-agent@1.0.0
18 silly currentTree   │ │ │ ├─┬ agent-base@2.1.1
18 silly currentTree   │ │ │ │ └── semver@5.0.3
18 silly currentTree   │ │ │ ├─┬ debug@2.6.8
18 silly currentTree   │ │ │ │ └── ms@2.0.0
18 silly currentTree   │ │ │ └── extend@3.0.1
18 silly currentTree   │ │ ├─┬ https-proxy-agent@1.0.0
18 silly currentTree   │ │ │ ├─┬ agent-base@2.1.1
18 silly currentTree   │ │ │ │ └── semver@5.0.3
18 silly currentTree   │ │ │ ├─┬ debug@2.6.8
18 silly currentTree   │ │ │ │ └── ms@2.0.0
18 silly currentTree   │ │ │ └── extend@3.0.1
18 silly currentTree   │ │ ├─┬ node-fetch-npm@2.0.1
18 silly currentTree   │ │ │ ├─┬ encoding@0.1.12
18 silly currentTree   │ │ │ │ └── iconv-lite@0.4.17
18 silly currentTree   │ │ │ └─┬ json-parse-helpfulerror@1.0.3
18 silly currentTree   │ │ │   └── jju@1.3.0
18 silly currentTree   │ │ └─┬ socks-proxy-agent@2.1.0
18 silly currentTree   │ │   ├─┬ agent-base@2.1.1
18 silly currentTree   │ │   │ └── semver@5.0.3
18 silly currentTree   │ │   ├── extend@3.0.1
18 silly currentTree   │ │   └─┬ socks@1.1.10
18 silly currentTree   │ │     ├── ip@1.1.5
18 silly currentTree   │ │     └── smart-buffer@1.1.15
18 silly currentTree   │ ├─┬ minimatch@3.0.4
18 silly currentTree   │ │ └─┬ brace-expansion@1.1.7
18 silly currentTree   │ │   ├── balanced-match@0.4.2
18 silly currentTree   │ │   └── concat-map@0.0.1
18 silly currentTree   │ ├── npm-pick-manifest@1.0.3
18 silly currentTree   │ ├─┬ promise-retry@1.1.1
18 silly currentTree   │ │ └── err-code@1.1.2
18 silly currentTree   │ ├─┬ protoduck@4.0.0
18 silly currentTree   │ │ └── genfun@4.0.1
18 silly currentTree   │ ├─┬ tar-fs@1.15.3
18 silly currentTree   │ │ └─┬ pump@1.0.2
18 silly currentTree   │ │   └── end-of-stream@1.4.0
18 silly currentTree   │ └─┬ tar-stream@1.5.4
18 silly currentTree   │   ├── bl@1.2.1
18 silly currentTree   │   ├── end-of-stream@1.4.0
18 silly currentTree   │   └── xtend@4.0.1
18 silly currentTree   ├── path-is-inside@1.0.2
18 silly currentTree   ├── promise-inflight@1.0.1
18 silly currentTree   ├── read-cmd-shim@1.0.1
18 silly currentTree   ├─┬ read-installed@4.0.3
18 silly currentTree   │ └── util-extend@1.0.3
18 silly currentTree   ├─┬ read-package-json@2.0.5
18 silly currentTree   │ └─┬ json-parse-helpfulerror@1.0.3
18 silly currentTree   │   └── jju@1.3.0
18 silly currentTree   ├── read-package-tree@5.1.6
18 silly currentTree   ├─┬ read@1.0.7
18 silly currentTree   │ └── mute-stream@0.0.7
18 silly currentTree   ├─┬ readable-stream@2.2.10
18 silly currentTree   │ ├── core-util-is@1.0.2
18 silly currentTree   │ ├── isarray@1.0.0
18 silly currentTree   │ ├── process-nextick-args@1.0.7
18 silly currentTree   │ ├── string_decoder@1.0.1
18 silly currentTree   │ └── util-deprecate@1.0.2
18 silly currentTree   ├── readdir-scoped-modules@1.0.2
18 silly currentTree   ├─┬ request@2.81.0
18 silly currentTree   │ ├── aws-sign2@0.6.0
18 silly currentTree   │ ├── aws4@1.6.0
18 silly currentTree   │ ├── caseless@0.12.0
18 silly currentTree   │ ├─┬ combined-stream@1.0.5
18 silly currentTree   │ │ └── delayed-stream@1.0.0
18 silly currentTree   │ ├── extend@3.0.1
18 silly currentTree   │ ├── forever-agent@0.6.1
18 silly currentTree   │ ├─┬ form-data@2.1.4
18 silly currentTree   │ │ └── asynckit@0.4.0
18 silly currentTree   │ ├─┬ har-validator@4.2.1
18 silly currentTree   │ │ ├─┬ ajv@4.11.8
18 silly currentTree   │ │ │ ├── co@4.6.0
18 silly currentTree   │ │ │ └─┬ json-stable-stringify@1.0.1
18 silly currentTree   │ │ │   └── jsonify@0.0.0
18 silly currentTree   │ │ └── har-schema@1.0.5
18 silly currentTree   │ ├─┬ hawk@3.1.3
18 silly currentTree   │ │ ├── boom@2.10.1
18 silly currentTree   │ │ ├── cryptiles@2.0.5
18 silly currentTree   │ │ ├── hoek@2.16.3
18 silly currentTree   │ │ └── sntp@1.0.9
18 silly currentTree   │ ├─┬ http-signature@1.1.1
18 silly currentTree   │ │ ├── assert-plus@0.2.0
18 silly currentTree   │ │ ├─┬ jsprim@1.4.0
18 silly currentTree   │ │ │ ├── assert-plus@1.0.0
18 silly currentTree   │ │ │ ├── extsprintf@1.0.2
18 silly currentTree   │ │ │ ├── json-schema@0.2.3
18 silly currentTree   │ │ │ └── verror@1.3.6
18 silly currentTree   │ │ └─┬ sshpk@1.13.0
18 silly currentTree   │ │   ├── asn1@0.2.3
18 silly currentTree   │ │   ├── assert-plus@1.0.0
18 silly currentTree   │ │   ├── bcrypt-pbkdf@1.0.1
18 silly currentTree   │ │   ├── dashdash@1.14.1
18 silly currentTree   │ │   ├── ecc-jsbn@0.1.1
18 silly currentTree   │ │   ├── getpass@0.1.7
18 silly currentTree   │ │   ├── jodid25519@1.0.2
18 silly currentTree   │ │   ├── jsbn@0.1.1
18 silly currentTree   │ │   └── tweetnacl@0.14.5
18 silly currentTree   │ ├── is-typedarray@1.0.0
18 silly currentTree   │ ├── isstream@0.1.2
18 silly currentTree   │ ├── json-stringify-safe@5.0.1
18 silly currentTree   │ ├─┬ mime-types@2.1.15
18 silly currentTree   │ │ └── mime-db@1.27.0
18 silly currentTree   │ ├── oauth-sign@0.8.2
18 silly currentTree   │ ├── performance-now@0.2.0
18 silly currentTree   │ ├── qs@6.4.0
18 silly currentTree   │ ├── safe-buffer@5.0.1
18 silly currentTree   │ ├── stringstream@0.0.5
18 silly currentTree   │ ├─┬ tough-cookie@2.3.2
18 silly currentTree   │ │ └── punycode@1.4.1
18 silly currentTree   │ └── tunnel-agent@0.6.0
18 silly currentTree   ├── retry@0.10.1
18 silly currentTree   ├── rimraf@2.6.1
18 silly currentTree   ├── safe-buffer@5.1.0
18 silly currentTree   ├── semver@5.3.0
18 silly currentTree   ├── sha@2.0.1
18 silly currentTree   ├── slide@1.1.6
18 silly currentTree   ├── sorted-object@2.0.1
18 silly currentTree   ├─┬ sorted-union-stream@2.1.3
18 silly currentTree   │ ├─┬ from2@1.3.0
18 silly currentTree   │ │ └─┬ readable-stream@1.1.14
18 silly currentTree   │ │   ├── core-util-is@1.0.2
18 silly currentTree   │ │   ├── isarray@0.0.1
18 silly currentTree   │ │   └── string_decoder@0.10.31
18 silly currentTree   │ └─┬ stream-iterate@1.2.0
18 silly currentTree   │   └── stream-shift@1.0.0
18 silly currentTree   ├── ssri@4.1.6
18 silly currentTree   ├── strip-ansi@3.0.1
18 silly currentTree   ├─┬ tar@2.2.1
18 silly currentTree   │ └── block-stream@0.0.9
18 silly currentTree   ├── text-table@0.2.0
18 silly currentTree   ├── uid-number@0.0.6
18 silly currentTree   ├── umask@1.1.0
18 silly currentTree   ├─┬ unique-filename@1.1.0
18 silly currentTree   │ └── unique-slug@2.0.0
18 silly currentTree   ├── unpipe@1.0.0
18 silly currentTree   ├─┬ update-notifier@2.1.0
18 silly currentTree   │ ├─┬ boxen@1.0.0
18 silly currentTree   │ │ ├─┬ ansi-align@1.1.0
18 silly currentTree   │ │ │ └─┬ string-width@1.0.2
18 silly currentTree   │ │ │   ├── code-point-at@1.1.0
18 silly currentTree   │ │ │   └─┬ is-fullwidth-code-point@1.0.0
18 silly currentTree   │ │ │     └── number-is-nan@1.0.1
18 silly currentTree   │ │ ├── camelcase@4.1.0
18 silly currentTree   │ │ ├── cli-boxes@1.0.0
18 silly currentTree   │ │ ├─┬ string-width@2.0.0
18 silly currentTree   │ │ │ └── is-fullwidth-code-point@2.0.0
18 silly currentTree   │ │ ├─┬ term-size@0.1.1
18 silly currentTree   │ │ │ └─┬ execa@0.4.0
18 silly currentTree   │ │ │   ├── cross-spawn-async@2.2.5
18 silly currentTree   │ │ │   ├── is-stream@1.1.0
18 silly currentTree   │ │ │   ├── npm-run-path@1.0.0
18 silly currentTree   │ │ │   ├── object-assign@4.1.1
18 silly currentTree   │ │ │   ├── path-key@1.0.0
18 silly currentTree   │ │ │   └── strip-eof@1.0.0
18 silly currentTree   │ │ └─┬ widest-line@1.0.0
18 silly currentTree   │ │   └─┬ string-width@1.0.2
18 silly currentTree   │ │     ├── code-point-at@1.1.0
18 silly currentTree   │ │     └─┬ is-fullwidth-code-point@1.0.0
18 silly currentTree   │ │       └── number-is-nan@1.0.1
18 silly currentTree   │ ├─┬ chalk@1.1.3
18 silly currentTree   │ │ ├── ansi-styles@2.2.1
18 silly currentTree   │ │ ├── escape-string-regexp@1.0.5
18 silly currentTree   │ │ ├── has-ansi@2.0.0
18 silly currentTree   │ │ └── supports-color@2.0.0
18 silly currentTree   │ ├─┬ configstore@3.0.0
18 silly currentTree   │ │ ├─┬ dot-prop@4.1.1
18 silly currentTree   │ │ │ └── is-obj@1.0.1
18 silly currentTree   │ │ ├─┬ unique-string@1.0.0
18 silly currentTree   │ │ │ └── crypto-random-string@1.0.0
18 silly currentTree   │ │ └── write-file-atomic@1.3.4
18 silly currentTree   │ ├── is-npm@1.0.0
18 silly currentTree   │ ├─┬ latest-version@3.1.0
18 silly currentTree   │ │ └─┬ package-json@4.0.1
18 silly currentTree   │ │   ├─┬ got@6.7.1
18 silly currentTree   │ │   │ ├─┬ create-error-class@3.0.2
18 silly currentTree   │ │   │ │ └── capture-stack-trace@1.0.0
18 silly currentTree   │ │   │ ├── duplexer3@0.1.4
18 silly currentTree   │ │   │ ├── get-stream@3.0.0
18 silly currentTree   │ │   │ ├── is-redirect@1.0.0
18 silly currentTree   │ │   │ ├── is-retry-allowed@1.1.0
18 silly currentTree   │ │   │ ├── is-stream@1.1.0
18 silly currentTree   │ │   │ ├── lowercase-keys@1.0.0
18 silly currentTree   │ │   │ ├── safe-buffer@5.0.1
18 silly currentTree   │ │   │ ├── timed-out@4.0.1
18 silly currentTree   │ │   │ ├── unzip-response@2.0.1
18 silly currentTree   │ │   │ └─┬ url-parse-lax@1.0.0
18 silly currentTree   │ │   │   └── prepend-http@1.0.4
18 silly currentTree   │ │   ├─┬ registry-auth-token@3.3.0
18 silly currentTree   │ │   │ ├─┬ rc@1.2.1
18 silly currentTree   │ │   │ │ ├── deep-extend@0.4.1
18 silly currentTree   │ │   │ │ ├── minimist@1.2.0
18 silly currentTree   │ │   │ │ └── strip-json-comments@2.0.1
18 silly currentTree   │ │   │ └── safe-buffer@5.0.1
18 silly currentTree   │ │   └─┬ registry-url@3.1.0
18 silly currentTree   │ │     └─┬ rc@1.2.1
18 silly currentTree   │ │       ├── deep-extend@0.4.1
18 silly currentTree   │ │       ├── minimist@1.2.0
18 silly currentTree   │ │       └── strip-json-comments@2.0.1
18 silly currentTree   │ ├── lazy-req@2.0.0
18 silly currentTree   │ ├── semver-diff@2.1.0
18 silly currentTree   │ └── xdg-basedir@3.0.0
18 silly currentTree   ├── uuid@3.0.1
18 silly currentTree   ├─┬ validate-npm-package-license@3.0.1
18 silly currentTree   │ ├─┬ spdx-correct@1.0.2
18 silly currentTree   │ │ └── spdx-license-ids@1.2.2
18 silly currentTree   │ └── spdx-expression-parse@1.0.4
18 silly currentTree   ├─┬ validate-npm-package-name@3.0.0
18 silly currentTree   │ └── builtins@1.0.3
18 silly currentTree   ├─┬ which@1.2.14
18 silly currentTree   │ └── isexe@2.0.0
18 silly currentTree   ├── wrappy@1.0.2
18 silly currentTree   └── write-file-atomic@2.1.0
19 silly idealTree lib
19 silly idealTree └─┬ npm@5.0.4
19 silly idealTree   ├── abbrev@1.1.0
19 silly idealTree   ├── ansi-regex@2.1.1
19 silly idealTree   ├── ansicolors@0.3.2
19 silly idealTree   ├── ansistyles@0.1.3
19 silly idealTree   ├── aproba@1.1.2
19 silly idealTree   ├── archy@1.0.0
19 silly idealTree   ├── bluebird@3.5.0
19 silly idealTree   ├─┬ cacache@9.2.8
19 silly idealTree   │ └── y18n@3.2.1
19 silly idealTree   ├── call-limit@1.1.0
19 silly idealTree   ├── chownr@1.0.1
19 silly idealTree   ├── cmd-shim@2.0.2
19 silly idealTree   ├─┬ columnify@1.5.4
19 silly idealTree   │ └─┬ wcwidth@1.0.1
19 silly idealTree   │   └─┬ defaults@1.0.3
19 silly idealTree   │     └── clone@1.0.2
19 silly idealTree   ├─┬ config-chain@1.1.11
19 silly idealTree   │ └── proto-list@1.2.4
19 silly idealTree   ├── debuglog@1.0.1
19 silly idealTree   ├── detect-indent@5.0.0
19 silly idealTree   ├─┬ dezalgo@1.0.3
19 silly idealTree   │ └── asap@2.0.5
19 silly idealTree   ├── editor@1.0.0
19 silly idealTree   ├── fs-vacuum@1.2.10
19 silly idealTree   ├── fs-write-stream-atomic@1.0.10
19 silly idealTree   ├─┬ fstream-npm@1.2.1
19 silly idealTree   │ └─┬ fstream-ignore@1.0.5
19 silly idealTree   │   └─┬ minimatch@3.0.4
19 silly idealTree   │     └─┬ brace-expansion@1.1.7
19 silly idealTree   │       ├── balanced-match@0.4.2
19 silly idealTree   │       └── concat-map@0.0.1
19 silly idealTree   ├── fstream@1.0.11
19 silly idealTree   ├─┬ glob@7.1.2
19 silly idealTree   │ ├── fs.realpath@1.0.0
19 silly idealTree   │ ├─┬ minimatch@3.0.4
19 silly idealTree   │ │ └─┬ brace-expansion@1.1.7
19 silly idealTree   │ │   ├── balanced-match@0.4.2
19 silly idealTree   │ │   └── concat-map@0.0.1
19 silly idealTree   │ └── path-is-absolute@1.0.1
19 silly idealTree   ├── graceful-fs@4.1.11
19 silly idealTree   ├── has-unicode@2.0.1
19 silly idealTree   ├── hosted-git-info@2.4.2
19 silly idealTree   ├── iferr@0.1.5
19 silly idealTree   ├── imurmurhash@0.1.4
19 silly idealTree   ├── inflight@1.0.6
19 silly idealTree   ├── inherits@2.0.3
19 silly idealTree   ├── ini@1.3.4
19 silly idealTree   ├─┬ init-package-json@1.10.1
19 silly idealTree   │ └── promzard@0.3.0
19 silly idealTree   ├─┬ JSONStream@1.3.1
19 silly idealTree   │ ├── jsonparse@1.3.0
19 silly idealTree   │ └── through@2.3.8
19 silly idealTree   ├── lazy-property@1.0.0
19 silly idealTree   ├── lockfile@1.0.3
19 silly idealTree   ├── lodash._baseindexof@3.1.0
19 silly idealTree   ├─┬ lodash._baseuniq@4.6.0
19 silly idealTree   │ ├── lodash._createset@4.0.3
19 silly idealTree   │ └── lodash._root@3.0.1
19 silly idealTree   ├── lodash._bindcallback@3.0.1
19 silly idealTree   ├── lodash._cacheindexof@3.0.2
19 silly idealTree   ├── lodash._createcache@3.1.2
19 silly idealTree   ├── lodash._getnative@3.9.1
19 silly idealTree   ├── lodash.clonedeep@4.5.0
19 silly idealTree   ├── lodash.restparam@3.6.1
19 silly idealTree   ├── lodash.union@4.6.0
19 silly idealTree   ├── lodash.uniq@4.5.0
19 silly idealTree   ├── lodash.without@4.4.0
19 silly idealTree   ├─┬ lru-cache@4.0.2
19 silly idealTree   │ ├── pseudomap@1.0.2
19 silly idealTree   │ └── yallist@2.1.2
19 silly idealTree   ├─┬ mississippi@1.3.0
19 silly idealTree   │ ├─┬ concat-stream@1.6.0
19 silly idealTree   │ │ └── typedarray@0.0.6
19 silly idealTree   │ ├─┬ duplexify@3.5.0
19 silly idealTree   │ │ ├─┬ end-of-stream@1.0.0
19 silly idealTree   │ │ │ └── once@1.3.3
19 silly idealTree   │ │ └── stream-shift@1.0.0
19 silly idealTree   │ ├── end-of-stream@1.4.0
19 silly idealTree   │ ├── flush-write-stream@1.0.2
19 silly idealTree   │ ├── from2@2.3.0
19 silly idealTree   │ ├─┬ parallel-transform@1.1.0
19 silly idealTree   │ │ └── cyclist@0.2.2
19 silly idealTree   │ ├── pump@1.0.2
19 silly idealTree   │ ├── pumpify@1.3.5
19 silly idealTree   │ ├─┬ stream-each@1.2.0
19 silly idealTree   │ │ └── stream-shift@1.0.0
19 silly idealTree   │ └─┬ through2@2.0.3
19 silly idealTree   │   └── xtend@4.0.1
19 silly idealTree   ├─┬ mkdirp@0.5.1
19 silly idealTree   │ └── minimist@0.0.8
19 silly idealTree   ├─┬ move-concurrently@1.0.1
19 silly idealTree   │ ├── copy-concurrently@1.0.3
19 silly idealTree   │ └── run-queue@1.0.3
19 silly idealTree   ├─┬ node-gyp@3.6.2
19 silly idealTree   │ ├─┬ minimatch@3.0.4
19 silly idealTree   │ │ └─┬ brace-expansion@1.1.7
19 silly idealTree   │ │   ├── balanced-match@0.4.2
19 silly idealTree   │ │   └── concat-map@0.0.1
19 silly idealTree   │ └── nopt@3.0.6
19 silly idealTree   ├── nopt@4.0.1
19 silly idealTree   ├─┬ normalize-package-data@2.3.8
19 silly idealTree   │ └─┬ is-builtin-module@1.0.0
19 silly idealTree   │   └── builtin-modules@1.1.1
19 silly idealTree   ├── npm-cache-filename@1.0.2
19 silly idealTree   ├── npm-install-checks@3.0.0
19 silly idealTree   ├── npm-package-arg@5.1.2
19 silly idealTree   ├─┬ npm-registry-client@8.3.0
19 silly idealTree   │ └─┬ concat-stream@1.6.0
19 silly idealTree   │   └── typedarray@0.0.6
19 silly idealTree   ├── npm-user-validate@1.0.0
19 silly idealTree   ├─┬ npmlog@4.1.0
19 silly idealTree   │ ├─┬ are-we-there-yet@1.1.4
19 silly idealTree   │ │ └── delegates@1.0.0
19 silly idealTree   │ ├── console-control-strings@1.1.0
19 silly idealTree   │ ├─┬ gauge@2.7.4
19 silly idealTree   │ │ ├── object-assign@4.1.1
19 silly idealTree   │ │ ├── signal-exit@3.0.2
19 silly idealTree   │ │ ├─┬ string-width@1.0.2
19 silly idealTree   │ │ │ ├── code-point-at@1.1.0
19 silly idealTree   │ │ │ └─┬ is-fullwidth-code-point@1.0.0
19 silly idealTree   │ │ │   └── number-is-nan@1.0.1
19 silly idealTree   │ │ └── wide-align@1.1.0
19 silly idealTree   │ └── set-blocking@2.0.0
19 silly idealTree   ├── once@1.4.0
19 silly idealTree   ├── opener@1.4.3
19 silly idealTree   ├─┬ osenv@0.1.4
19 silly idealTree   │ ├── os-homedir@1.0.2
19 silly idealTree   │ └── os-tmpdir@1.0.2
19 silly idealTree   ├─┬ pacote@2.7.34
19 silly idealTree   │ ├─┬ make-fetch-happen@2.4.12
19 silly idealTree   │ │ ├─┬ agentkeepalive@3.1.0
19 silly idealTree   │ │ │ └─┬ humanize-ms@1.2.1
19 silly idealTree   │ │ │   └── ms@2.0.0
19 silly idealTree   │ │ ├── http-cache-semantics@3.7.3
19 silly idealTree   │ │ ├─┬ http-proxy-agent@1.0.0
19 silly idealTree   │ │ │ ├─┬ agent-base@2.1.1
19 silly idealTree   │ │ │ │ └── semver@5.0.3
19 silly idealTree   │ │ │ ├─┬ debug@2.6.8
19 silly idealTree   │ │ │ │ └── ms@2.0.0
19 silly idealTree   │ │ │ └── extend@3.0.1
19 silly idealTree   │ │ ├─┬ https-proxy-agent@1.0.0
19 silly idealTree   │ │ │ ├─┬ agent-base@2.1.1
19 silly idealTree   │ │ │ │ └── semver@5.0.3
19 silly idealTree   │ │ │ ├─┬ debug@2.6.8
19 silly idealTree   │ │ │ │ └── ms@2.0.0
19 silly idealTree   │ │ │ └── extend@3.0.1
19 silly idealTree   │ │ ├─┬ node-fetch-npm@2.0.1
19 silly idealTree   │ │ │ ├─┬ encoding@0.1.12
19 silly idealTree   │ │ │ │ └── iconv-lite@0.4.17
19 silly idealTree   │ │ │ └─┬ json-parse-helpfulerror@1.0.3
19 silly idealTree   │ │ │   └── jju@1.3.0
19 silly idealTree   │ │ └─┬ socks-proxy-agent@2.1.0
19 silly idealTree   │ │   ├─┬ agent-base@2.1.1
19 silly idealTree   │ │   │ └── semver@5.0.3
19 silly idealTree   │ │   ├── extend@3.0.1
19 silly idealTree   │ │   └─┬ socks@1.1.10
19 silly idealTree   │ │     ├── ip@1.1.5
19 silly idealTree   │ │     └── smart-buffer@1.1.15
19 silly idealTree   │ ├─┬ minimatch@3.0.4
19 silly idealTree   │ │ └─┬ brace-expansion@1.1.7
19 silly idealTree   │ │   ├── balanced-match@0.4.2
19 silly idealTree   │ │   └── concat-map@0.0.1
19 silly idealTree   │ ├── npm-pick-manifest@1.0.3
19 silly idealTree   │ ├─┬ promise-retry@1.1.1
19 silly idealTree   │ │ └── err-code@1.1.2
19 silly idealTree   │ ├─┬ protoduck@4.0.0
19 silly idealTree   │ │ └── genfun@4.0.1
19 silly idealTree   │ ├─┬ tar-fs@1.15.3
19 silly idealTree   │ │ └─┬ pump@1.0.2
19 silly idealTree   │ │   └── end-of-stream@1.4.0
19 silly idealTree   │ └─┬ tar-stream@1.5.4
19 silly idealTree   │   ├── bl@1.2.1
19 silly idealTree   │   ├── end-of-stream@1.4.0
19 silly idealTree   │   └── xtend@4.0.1
19 silly idealTree   ├── path-is-inside@1.0.2
19 silly idealTree   ├── promise-inflight@1.0.1
19 silly idealTree   ├── read-cmd-shim@1.0.1
19 silly idealTree   ├─┬ read-installed@4.0.3
19 silly idealTree   │ └── util-extend@1.0.3
19 silly idealTree   ├─┬ read-package-json@2.0.5
19 silly idealTree   │ └─┬ json-parse-helpfulerror@1.0.3
19 silly idealTree   │   └── jju@1.3.0
19 silly idealTree   ├── read-package-tree@5.1.6
19 silly idealTree   ├─┬ read@1.0.7
19 silly idealTree   │ └── mute-stream@0.0.7
19 silly idealTree   ├─┬ readable-stream@2.2.10
19 silly idealTree   │ ├── core-util-is@1.0.2
19 silly idealTree   │ ├── isarray@1.0.0
19 silly idealTree   │ ├── process-nextick-args@1.0.7
19 silly idealTree   │ ├── string_decoder@1.0.1
19 silly idealTree   │ └── util-deprecate@1.0.2
19 silly idealTree   ├── readdir-scoped-modules@1.0.2
19 silly idealTree   ├─┬ request@2.81.0
19 silly idealTree   │ ├── aws-sign2@0.6.0
19 silly idealTree   │ ├── aws4@1.6.0
19 silly idealTree   │ ├── caseless@0.12.0
19 silly idealTree   │ ├─┬ combined-stream@1.0.5
19 silly idealTree   │ │ └── delayed-stream@1.0.0
19 silly idealTree   │ ├── extend@3.0.1
19 silly idealTree   │ ├── forever-agent@0.6.1
19 silly idealTree   │ ├─┬ form-data@2.1.4
19 silly idealTree   │ │ └── asynckit@0.4.0
19 silly idealTree   │ ├─┬ har-validator@4.2.1
19 silly idealTree   │ │ ├─┬ ajv@4.11.8
19 silly idealTree   │ │ │ ├── co@4.6.0
19 silly idealTree   │ │ │ └─┬ json-stable-stringify@1.0.1
19 silly idealTree   │ │ │   └── jsonify@0.0.0
19 silly idealTree   │ │ └── har-schema@1.0.5
19 silly idealTree   │ ├─┬ hawk@3.1.3
19 silly idealTree   │ │ ├── boom@2.10.1
19 silly idealTree   │ │ ├── cryptiles@2.0.5
19 silly idealTree   │ │ ├── hoek@2.16.3
19 silly idealTree   │ │ └── sntp@1.0.9
19 silly idealTree   │ ├─┬ http-signature@1.1.1
19 silly idealTree   │ │ ├── assert-plus@0.2.0
19 silly idealTree   │ │ ├─┬ jsprim@1.4.0
19 silly idealTree   │ │ │ ├── assert-plus@1.0.0
19 silly idealTree   │ │ │ ├── extsprintf@1.0.2
19 silly idealTree   │ │ │ ├── json-schema@0.2.3
19 silly idealTree   │ │ │ └── verror@1.3.6
19 silly idealTree   │ │ └─┬ sshpk@1.13.0
19 silly idealTree   │ │   ├── asn1@0.2.3
19 silly idealTree   │ │   ├── assert-plus@1.0.0
19 silly idealTree   │ │   ├── bcrypt-pbkdf@1.0.1
19 silly idealTree   │ │   ├── dashdash@1.14.1
19 silly idealTree   │ │   ├── ecc-jsbn@0.1.1
19 silly idealTree   │ │   ├── getpass@0.1.7
19 silly idealTree   │ │   ├── jodid25519@1.0.2
19 silly idealTree   │ │   ├── jsbn@0.1.1
19 silly idealTree   │ │   └── tweetnacl@0.14.5
19 silly idealTree   │ ├── is-typedarray@1.0.0
19 silly idealTree   │ ├── isstream@0.1.2
19 silly idealTree   │ ├── json-stringify-safe@5.0.1
19 silly idealTree   │ ├─┬ mime-types@2.1.15
19 silly idealTree   │ │ └── mime-db@1.27.0
19 silly idealTree   │ ├── oauth-sign@0.8.2
19 silly idealTree   │ ├── performance-now@0.2.0
19 silly idealTree   │ ├── qs@6.4.0
19 silly idealTree   │ ├── safe-buffer@5.0.1
19 silly idealTree   │ ├── stringstream@0.0.5
19 silly idealTree   │ ├─┬ tough-cookie@2.3.2
19 silly idealTree   │ │ └── punycode@1.4.1
19 silly idealTree   │ └── tunnel-agent@0.6.0
19 silly idealTree   ├── retry@0.10.1
19 silly idealTree   ├── rimraf@2.6.1
19 silly idealTree   ├── safe-buffer@5.1.0
19 silly idealTree   ├── semver@5.3.0
19 silly idealTree   ├── sha@2.0.1
19 silly idealTree   ├── slide@1.1.6
19 silly idealTree   ├── sorted-object@2.0.1
19 silly idealTree   ├─┬ sorted-union-stream@2.1.3
19 silly idealTree   │ ├─┬ from2@1.3.0
19 silly idealTree   │ │ └─┬ readable-stream@1.1.14
19 silly idealTree   │ │   ├── core-util-is@1.0.2
19 silly idealTree   │ │   ├── isarray@0.0.1
19 silly idealTree   │ │   └── string_decoder@0.10.31
19 silly idealTree   │ └─┬ stream-iterate@1.2.0
19 silly idealTree   │   └── stream-shift@1.0.0
19 silly idealTree   ├── ssri@4.1.6
19 silly idealTree   ├── strip-ansi@3.0.1
19 silly idealTree   ├─┬ tar@2.2.1
19 silly idealTree   │ └── block-stream@0.0.9
19 silly idealTree   ├── text-table@0.2.0
19 silly idealTree   ├── uid-number@0.0.6
19 silly idealTree   ├── umask@1.1.0
19 silly idealTree   ├─┬ unique-filename@1.1.0
19 silly idealTree   │ └── unique-slug@2.0.0
19 silly idealTree   ├── unpipe@1.0.0
19 silly idealTree   ├─┬ update-notifier@2.1.0
19 silly idealTree   │ ├─┬ boxen@1.0.0
19 silly idealTree   │ │ ├─┬ ansi-align@1.1.0
19 silly idealTree   │ │ │ └─┬ string-width@1.0.2
19 silly idealTree   │ │ │   ├── code-point-at@1.1.0
19 silly idealTree   │ │ │   └─┬ is-fullwidth-code-point@1.0.0
19 silly idealTree   │ │ │     └── number-is-nan@1.0.1
19 silly idealTree   │ │ ├── camelcase@4.1.0
19 silly idealTree   │ │ ├── cli-boxes@1.0.0
19 silly idealTree   │ │ ├─┬ string-width@2.0.0
19 silly idealTree   │ │ │ └── is-fullwidth-code-point@2.0.0
19 silly idealTree   │ │ ├─┬ term-size@0.1.1
19 silly idealTree   │ │ │ └─┬ execa@0.4.0
19 silly idealTree   │ │ │   ├── cross-spawn-async@2.2.5
19 silly idealTree   │ │ │   ├── is-stream@1.1.0
19 silly idealTree   │ │ │   ├── npm-run-path@1.0.0
19 silly idealTree   │ │ │   ├── object-assign@4.1.1
19 silly idealTree   │ │ │   ├── path-key@1.0.0
19 silly idealTree   │ │ │   └── strip-eof@1.0.0
19 silly idealTree   │ │ └─┬ widest-line@1.0.0
19 silly idealTree   │ │   └─┬ string-width@1.0.2
19 silly idealTree   │ │     ├── code-point-at@1.1.0
19 silly idealTree   │ │     └─┬ is-fullwidth-code-point@1.0.0
19 silly idealTree   │ │       └── number-is-nan@1.0.1
19 silly idealTree   │ ├─┬ chalk@1.1.3
19 silly idealTree   │ │ ├── ansi-styles@2.2.1
19 silly idealTree   │ │ ├── escape-string-regexp@1.0.5
19 silly idealTree   │ │ ├── has-ansi@2.0.0
19 silly idealTree   │ │ └── supports-color@2.0.0
19 silly idealTree   │ ├─┬ configstore@3.0.0
19 silly idealTree   │ │ ├─┬ dot-prop@4.1.1
19 silly idealTree   │ │ │ └── is-obj@1.0.1
19 silly idealTree   │ │ ├─┬ unique-string@1.0.0
19 silly idealTree   │ │ │ └── crypto-random-string@1.0.0
19 silly idealTree   │ │ └── write-file-atomic@1.3.4
19 silly idealTree   │ ├── is-npm@1.0.0
19 silly idealTree   │ ├─┬ latest-version@3.1.0
19 silly idealTree   │ │ └─┬ package-json@4.0.1
19 silly idealTree   │ │   ├─┬ got@6.7.1
19 silly idealTree   │ │   │ ├─┬ create-error-class@3.0.2
19 silly idealTree   │ │   │ │ └── capture-stack-trace@1.0.0
19 silly idealTree   │ │   │ ├── duplexer3@0.1.4
19 silly idealTree   │ │   │ ├── get-stream@3.0.0
19 silly idealTree   │ │   │ ├── is-redirect@1.0.0
19 silly idealTree   │ │   │ ├── is-retry-allowed@1.1.0
19 silly idealTree   │ │   │ ├── is-stream@1.1.0
19 silly idealTree   │ │   │ ├── lowercase-keys@1.0.0
19 silly idealTree   │ │   │ ├── safe-buffer@5.0.1
19 silly idealTree   │ │   │ ├── timed-out@4.0.1
19 silly idealTree   │ │   │ ├── unzip-response@2.0.1
19 silly idealTree   │ │   │ └─┬ url-parse-lax@1.0.0
19 silly idealTree   │ │   │   └── prepend-http@1.0.4
19 silly idealTree   │ │   ├─┬ registry-auth-token@3.3.0
19 silly idealTree   │ │   │ ├─┬ rc@1.2.1
19 silly idealTree   │ │   │ │ ├── deep-extend@0.4.1
19 silly idealTree   │ │   │ │ ├── minimist@1.2.0
19 silly idealTree   │ │   │ │ └── strip-json-comments@2.0.1
19 silly idealTree   │ │   │ └── safe-buffer@5.0.1
19 silly idealTree   │ │   └─┬ registry-url@3.1.0
19 silly idealTree   │ │     └─┬ rc@1.2.1
19 silly idealTree   │ │       ├── deep-extend@0.4.1
19 silly idealTree   │ │       ├── minimist@1.2.0
19 silly idealTree   │ │       └── strip-json-comments@2.0.1
19 silly idealTree   │ ├── lazy-req@2.0.0
19 silly idealTree   │ ├── semver-diff@2.1.0
19 silly idealTree   │ └── xdg-basedir@3.0.0
19 silly idealTree   ├── uuid@3.0.1
19 silly idealTree   ├─┬ validate-npm-package-license@3.0.1
19 silly idealTree   │ ├─┬ spdx-correct@1.0.2
19 silly idealTree   │ │ └── spdx-license-ids@1.2.2
19 silly idealTree   │ └── spdx-expression-parse@1.0.4
19 silly idealTree   ├─┬ validate-npm-package-name@3.0.0
19 silly idealTree   │ └── builtins@1.0.3
19 silly idealTree   ├─┬ which@1.2.14
19 silly idealTree   │ └── isexe@2.0.0
19 silly idealTree   ├── wrappy@1.0.2
19 silly idealTree   └── write-file-atomic@2.1.0
20 silly install generateActionsToTake
21 silly diffTrees action count 1
22 silly diffTrees update npm@5.0.4
23 silly decomposeActions action count 9
24 silly decomposeActions remove npm@5.0.4
25 silly decomposeActions fetch npm@5.0.4
26 silly decomposeActions extract npm@5.0.4
27 silly decomposeActions preinstall npm@5.0.4
28 silly decomposeActions build npm@5.0.4
29 silly decomposeActions install npm@5.0.4
30 silly decomposeActions postinstall npm@5.0.4
31 silly decomposeActions finalize npm@5.0.4
32 silly decomposeActions refresh-package-json npm@5.0.4
33 silly install executeActions
34 silly doSerial global-install 9
35 verbose correctMkdir /home/jean/.npm/_locks correctMkdir not in flight; initializing
36 verbose lock using /home/jean/.npm/_locks/staging-3a08f0df5026584d.lock for /usr/local/lib/node_modules/.staging
37 silly doParallel extract 9
38 silly extract npm@5.0.4
39 silly pacote trying npm@https://registry.npmjs.org/npm/-/npm-5.0.4.tgz by hash: sha512-XHgyGq7zj5PyQgUeslQRhT3tmWoiwO8X7/LjD/okW8CAQSx95GiMiVjecu62u3kge8EZfgqB/+5dHteubf+8UA==
40 silly pacote npm@https://registry.npmjs.org/npm/-/npm-5.0.4.tgz extracted to /usr/local/lib/node_modules/.staging/npm-3e479054 by content address 2653ms
41 silly doReverseSerial remove 9
42 silly remove /usr/local/lib/node_modules/npm
43 verbose unbuild lib/node_modules/npm
44 info lifecycle npm@5.0.4~preuninstall: npm@5.0.4
45 silly lifecycle npm@5.0.4~preuninstall: no script for preuninstall, continuing
46 info lifecycle npm@5.0.4~uninstall: npm@5.0.4
47 silly lifecycle npm@5.0.4~uninstall: no script for uninstall, continuing
48 verbose unbuild rmStuff npm@5.0.4 from /usr/local/lib/node_modules
49 verbose rmMans man files are [ '/usr/local/lib/node_modules/npm/man/man1/npm-access.1',
49 verbose rmMans   '/usr/local/lib/node_modules/npm/man/man1/npm-adduser.1',
49 verbose rmMans   '/usr/local/lib/node_modules/npm/man/man1/npm-bin.1',
49 verbose rmMans   '/usr/local/lib/node_modules/npm/man/man1/npm-bugs.1',
49 verbose rmMans   '/usr/local/lib/node_modules/npm/man/man1/npm-build.1',
49 verbose rmMans   '/usr/local/lib/node_modules/npm/man/man1/npm-bundle.1',
49 verbose rmMans   '/usr/local/lib/node_modules/npm/man/man1/npm-cache.1',
49 verbose rmMans   '/usr/local/lib/node_modules/npm/man/man1/npm-completion.1',
49 verbose rmMans   '/usr/local/lib/node_modules/npm/man/man1/npm-config.1',
49 verbose rmMans   '/usr/local/lib/node_modules/npm/man/man1/npm-dedupe.1',
49 verbose rmMans   '/usr/local/lib/node_modules/npm/man/man1/npm-deprecate.1',
49 verbose rmMans   '/usr/local/lib/node_modules/npm/man/man1/npm-dist-tag.1',
49 verbose rmMans   '/usr/local/lib/node_modules/npm/man/man1/npm-docs.1',
49 verbose rmMans   '/usr/local/lib/node_modules/npm/man/man1/npm-doctor.1',
49 verbose rmMans   '/usr/local/lib/node_modules/npm/man/man1/npm-edit.1',
49 verbose rmMans   '/usr/local/lib/node_modules/npm/man/man1/npm-explore.1',
49 verbose rmMans   '/usr/local/lib/node_modules/npm/man/man1/npm-help-search.1',
49 verbose rmMans   '/usr/local/lib/node_modules/npm/man/man1/npm-help.1',
49 verbose rmMans   '/usr/local/lib/node_modules/npm/man/man1/npm-init.1',
49 verbose rmMans   '/usr/local/lib/node_modules/npm/man/man1/npm-install-test.1',
49 verbose rmMans   '/usr/local/lib/node_modules/npm/man/man1/npm-install.1',
49 verbose rmMans   '/usr/local/lib/node_modules/npm/man/man1/npm-link.1',
49 verbose rmMans   '/usr/local/lib/node_modules/npm/man/man1/npm-logout.1',
49 verbose rmMans   '/usr/local/lib/node_modules/npm/man/man1/npm-ls.1',
49 verbose rmMans   '/usr/local/lib/node_modules/npm/man/man1/npm-outdated.1',
49 verbose rmMans   '/usr/local/lib/node_modules/npm/man/man1/npm-owner.1',
49 verbose rmMans   '/usr/local/lib/node_modules/npm/man/man1/npm-pack.1',
49 verbose rmMans   '/usr/local/lib/node_modules/npm/man/man1/npm-ping.1',
49 verbose rmMans   '/usr/local/lib/node_modules/npm/man/man1/npm-prefix.1',
49 verbose rmMans   '/usr/local/lib/node_modules/npm/man/man1/npm-prune.1',
49 verbose rmMans   '/usr/local/lib/node_modules/npm/man/man1/npm-publish.1',
49 verbose rmMans   '/usr/local/lib/node_modules/npm/man/man1/npm-README.1',
49 verbose rmMans   '/usr/local/lib/node_modules/npm/man/man1/npm-rebuild.1',
49 verbose rmMans   '/usr/local/lib/node_modules/npm/man/man1/npm-repo.1',
49 verbose rmMans   '/usr/local/lib/node_modules/npm/man/man1/npm-restart.1',
49 verbose rmMans   '/usr/local/lib/node_modules/npm/man/man1/npm-root.1',
49 verbose rmMans   '/usr/local/lib/node_modules/npm/man/man1/npm-run-script.1',
49 verbose rmMans   '/usr/local/lib/node_modules/npm/man/man1/npm-search.1',
49 verbose rmMans   '/usr/local/lib/node_modules/npm/man/man1/npm-shrinkwrap.1',
49 verbose rmMans   '/usr/local/lib/node_modules/npm/man/man1/npm-star.1',
49 verbose rmMans   '/usr/local/lib/node_modules/npm/man/man1/npm-stars.1',
49 verbose rmMans   '/usr/local/lib/node_modules/npm/man/man1/npm-start.1',
49 verbose rmMans   '/usr/local/lib/node_modules/npm/man/man1/npm-stop.1',
49 verbose rmMans   '/usr/local/lib/node_modules/npm/man/man1/npm-team.1',
49 verbose rmMans   '/usr/local/lib/node_modules/npm/man/man1/npm-test.1',
49 verbose rmMans   '/usr/local/lib/node_modules/npm/man/man1/npm-uninstall.1',
49 verbose rmMans   '/usr/local/lib/node_modules/npm/man/man1/npm-unpublish.1',
49 verbose rmMans   '/usr/local/lib/node_modules/npm/man/man1/npm-update.1',
49 verbose rmMans   '/usr/local/lib/node_modules/npm/man/man1/npm-version.1',
49 verbose rmMans   '/usr/local/lib/node_modules/npm/man/man1/npm-view.1',
49 verbose rmMans   '/usr/local/lib/node_modules/npm/man/man1/npm-whoami.1',
49 verbose rmMans   '/usr/local/lib/node_modules/npm/man/man1/npm.1',
49 verbose rmMans   '/usr/local/lib/node_modules/npm/man/man5/npm-folders.5',
49 verbose rmMans   '/usr/local/lib/node_modules/npm/man/man5/npm-global.5',
49 verbose rmMans   '/usr/local/lib/node_modules/npm/man/man5/npm-json.5',
49 verbose rmMans   '/usr/local/lib/node_modules/npm/man/man5/npm-package-locks.5',
49 verbose rmMans   '/usr/local/lib/node_modules/npm/man/man5/npm-shrinkwrap.json.5',
49 verbose rmMans   '/usr/local/lib/node_modules/npm/man/man5/npmrc.5',
49 verbose rmMans   '/usr/local/lib/node_modules/npm/man/man5/package-lock.json.5',
49 verbose rmMans   '/usr/local/lib/node_modules/npm/man/man5/package.json.5',
49 verbose rmMans   '/usr/local/lib/node_modules/npm/man/man7/npm-coding-style.7',
49 verbose rmMans   '/usr/local/lib/node_modules/npm/man/man7/npm-config.7',
49 verbose rmMans   '/usr/local/lib/node_modules/npm/man/man7/npm-developers.7',
49 verbose rmMans   '/usr/local/lib/node_modules/npm/man/man7/npm-disputes.7',
49 verbose rmMans   '/usr/local/lib/node_modules/npm/man/man7/npm-index.7',
49 verbose rmMans   '/usr/local/lib/node_modules/npm/man/man7/npm-orgs.7',
49 verbose rmMans   '/usr/local/lib/node_modules/npm/man/man7/npm-registry.7',
49 verbose rmMans   '/usr/local/lib/node_modules/npm/man/man7/npm-scope.7',
49 verbose rmMans   '/usr/local/lib/node_modules/npm/man/man7/npm-scripts.7',
49 verbose rmMans   '/usr/local/lib/node_modules/npm/man/man7/removing-npm.7',
49 verbose rmMans   '/usr/local/lib/node_modules/npm/man/man7/semver.7' ] in /usr/local/share/man
50 silly rmMan preparing to remove /usr/local/lib/node_modules/npm/man/man1/npm-access.1
51 silly rmMan preparing to remove /usr/local/lib/node_modules/npm/man/man1/npm-adduser.1
52 silly rmMan preparing to remove /usr/local/lib/node_modules/npm/man/man1/npm-bin.1
53 silly rmMan preparing to remove /usr/local/lib/node_modules/npm/man/man1/npm-bugs.1
54 silly rmMan preparing to remove /usr/local/lib/node_modules/npm/man/man1/npm-build.1
55 silly rmMan preparing to remove /usr/local/lib/node_modules/npm/man/man1/npm-bundle.1
56 silly rmMan preparing to remove /usr/local/lib/node_modules/npm/man/man1/npm-cache.1
57 silly rmMan preparing to remove /usr/local/lib/node_modules/npm/man/man1/npm-completion.1
58 silly rmMan preparing to remove /usr/local/lib/node_modules/npm/man/man1/npm-config.1
59 silly rmMan preparing to remove /usr/local/lib/node_modules/npm/man/man1/npm-dedupe.1
60 silly rmMan preparing to remove /usr/local/lib/node_modules/npm/man/man1/npm-deprecate.1
61 silly rmMan preparing to remove /usr/local/lib/node_modules/npm/man/man1/npm-dist-tag.1
62 silly rmMan preparing to remove /usr/local/lib/node_modules/npm/man/man1/npm-docs.1
63 silly rmMan preparing to remove /usr/local/lib/node_modules/npm/man/man1/npm-doctor.1
64 silly rmMan preparing to remove /usr/local/lib/node_modules/npm/man/man1/npm-edit.1
65 silly rmMan preparing to remove /usr/local/lib/node_modules/npm/man/man1/npm-explore.1
66 silly rmMan preparing to remove /usr/local/lib/node_modules/npm/man/man1/npm-help-search.1
67 silly rmMan preparing to remove /usr/local/lib/node_modules/npm/man/man1/npm-help.1
68 silly rmMan preparing to remove /usr/local/lib/node_modules/npm/man/man1/npm-init.1
69 silly rmMan preparing to remove /usr/local/lib/node_modules/npm/man/man1/npm-install-test.1
70 silly rmMan preparing to remove /usr/local/lib/node_modules/npm/man/man1/npm-install.1
71 silly rmMan preparing to remove /usr/local/lib/node_modules/npm/man/man1/npm-link.1
72 silly rmMan preparing to remove /usr/local/lib/node_modules/npm/man/man1/npm-logout.1
73 silly rmMan preparing to remove /usr/local/lib/node_modules/npm/man/man1/npm-ls.1
74 silly rmMan preparing to remove /usr/local/lib/node_modules/npm/man/man1/npm-outdated.1
75 silly rmMan preparing to remove /usr/local/lib/node_modules/npm/man/man1/npm-owner.1
76 silly rmMan preparing to remove /usr/local/lib/node_modules/npm/man/man1/npm-pack.1
77 silly rmMan preparing to remove /usr/local/lib/node_modules/npm/man/man1/npm-ping.1
78 silly rmMan preparing to remove /usr/local/lib/node_modules/npm/man/man1/npm-prefix.1
79 silly rmMan preparing to remove /usr/local/lib/node_modules/npm/man/man1/npm-prune.1
80 silly rmMan preparing to remove /usr/local/lib/node_modules/npm/man/man1/npm-publish.1
81 silly rmMan preparing to remove /usr/local/lib/node_modules/npm/man/man1/npm-README.1
82 silly rmMan preparing to remove /usr/local/lib/node_modules/npm/man/man1/npm-rebuild.1
83 silly rmMan preparing to remove /usr/local/lib/node_modules/npm/man/man1/npm-repo.1
84 silly rmMan preparing to remove /usr/local/lib/node_modules/npm/man/man1/npm-restart.1
85 silly rmMan preparing to remove /usr/local/lib/node_modules/npm/man/man1/npm-root.1
86 silly rmMan preparing to remove /usr/local/lib/node_modules/npm/man/man1/npm-run-script.1
87 silly rmMan preparing to remove /usr/local/lib/node_modules/npm/man/man1/npm-search.1
88 silly rmMan preparing to remove /usr/local/lib/node_modules/npm/man/man1/npm-shrinkwrap.1
89 silly rmMan preparing to remove /usr/local/lib/node_modules/npm/man/man1/npm-star.1
90 silly rmMan preparing to remove /usr/local/lib/node_modules/npm/man/man1/npm-stars.1
91 silly rmMan preparing to remove /usr/local/lib/node_modules/npm/man/man1/npm-start.1
92 silly rmMan preparing to remove /usr/local/lib/node_modules/npm/man/man1/npm-stop.1
93 silly rmMan preparing to remove /usr/local/lib/node_modules/npm/man/man1/npm-team.1
94 silly rmMan preparing to remove /usr/local/lib/node_modules/npm/man/man1/npm-test.1
95 silly rmMan preparing to remove /usr/local/lib/node_modules/npm/man/man1/npm-uninstall.1
96 silly rmMan preparing to remove /usr/local/lib/node_modules/npm/man/man1/npm-unpublish.1
97 silly rmMan preparing to remove /usr/local/lib/node_modules/npm/man/man1/npm-update.1
98 silly rmMan preparing to remove /usr/local/lib/node_modules/npm/man/man1/npm-version.1
99 silly rmMan preparing to remove /usr/local/lib/node_modules/npm/man/man1/npm-view.1
100 silly rmMan preparing to remove /usr/local/lib/node_modules/npm/man/man1/npm-whoami.1
101 silly rmMan preparing to remove /usr/local/lib/node_modules/npm/man/man1/npm.1
102 silly rmMan preparing to remove /usr/local/lib/node_modules/npm/man/man5/npm-folders.5
103 silly rmMan preparing to remove /usr/local/lib/node_modules/npm/man/man5/npm-global.5
104 silly rmMan preparing to remove /usr/local/lib/node_modules/npm/man/man5/npm-json.5
105 silly rmMan preparing to remove /usr/local/lib/node_modules/npm/man/man5/npm-package-locks.5
106 silly rmMan preparing to remove /usr/local/lib/node_modules/npm/man/man5/npm-shrinkwrap.json.5
107 silly rmMan preparing to remove /usr/local/lib/node_modules/npm/man/man5/npmrc.5
108 silly rmMan preparing to remove /usr/local/lib/node_modules/npm/man/man5/package-lock.json.5
109 silly rmMan preparing to remove /usr/local/lib/node_modules/npm/man/man5/package.json.5
110 silly rmMan preparing to remove /usr/local/lib/node_modules/npm/man/man7/npm-coding-style.7
111 silly rmMan preparing to remove /usr/local/lib/node_modules/npm/man/man7/npm-config.7
112 silly rmMan preparing to remove /usr/local/lib/node_modules/npm/man/man7/npm-developers.7
113 silly rmMan preparing to remove /usr/local/lib/node_modules/npm/man/man7/npm-disputes.7
114 silly rmMan preparing to remove /usr/local/lib/node_modules/npm/man/man7/npm-index.7
115 silly rmMan preparing to remove /usr/local/lib/node_modules/npm/man/man7/npm-orgs.7
116 silly rmMan preparing to remove /usr/local/lib/node_modules/npm/man/man7/npm-registry.7
117 silly rmMan preparing to remove /usr/local/lib/node_modules/npm/man/man7/npm-scope.7
118 silly rmMan preparing to remove /usr/local/lib/node_modules/npm/man/man7/npm-scripts.7
119 silly rmMan preparing to remove /usr/local/lib/node_modules/npm/man/man7/removing-npm.7
120 silly rmMan preparing to remove /usr/local/lib/node_modules/npm/man/man7/semver.7
121 silly isEverInside /usr/local/bin/npm is not inside /usr/local/lib/node_modules/npm
122 silly gentlyRm parent.path = /usr/local/lib/node_modules/npm
123 silly gentlyRm parent.managed = /usr/local/lib/node_modules/npm is in /usr/local
124 silly gentlyRm target.path =  /usr/local/bin/npm
125 silly gentlyRm target.symlink = ../lib/node_modules/npm/bin/npm-cli.js
126 silly gentlyRm target.managed = /usr/local/bin/npm is in /usr/local
127 silly gentlyRm target.inParent =  { target: '/usr/local/lib/node_modules/npm/bin/npm-cli.js',
127 silly gentlyRm   path: '/usr/local/lib/node_modules/npm' }
128 info lifecycle npm@5.0.4~postuninstall: npm@5.0.4
129 silly lifecycle npm@5.0.4~postuninstall: no script for postuninstall, continuing
130 verbose unlock done using /home/jean/.npm/_locks/staging-3a08f0df5026584d.lock for /usr/local/lib/node_modules/.staging
131 verbose stack Error: EACCES: permission denied, rmdir '/usr/local/lib/node_modules/npm/node_modules/.bin'
132 verbose cwd /var/www/html/hammer.js
133 verbose Linux 3.2.0-4-amd64
134 verbose argv "/usr/local/bin/node" "/usr/local/bin/npm" "install" "-g" "npm@5.0.4"
135 verbose node v7.6.0
136 verbose npm  v5.0.4
137 error path /usr/local/lib/node_modules/npm/node_modules/.bin
138 error code EACCES
139 error errno -13
140 error syscall rmdir
141 error Error: EACCES: permission denied, rmdir '/usr/local/lib/node_modules/npm/node_modules/.bin'
141 error  { Error: EACCES: permission denied, rmdir '/usr/local/lib/node_modules/npm/node_modules/.bin'
141 error   cause:
141 error    { Error: EACCES: permission denied, rmdir '/usr/local/lib/node_modules/npm/node_modules/.bin'
141 error      errno: -13,
141 error      code: 'EACCES',
141 error      syscall: 'rmdir',
141 error      path: '/usr/local/lib/node_modules/npm/node_modules/.bin' },
141 error   errno: -13,
141 error   code: 'EACCES',
141 error   syscall: 'rmdir',
141 error   path: '/usr/local/lib/node_modules/npm/node_modules/.bin' }
142 error Please try running this command again as root/Administrator.
143 verbose exit [ -13, true ]
